<?xml version="1.0" encoding="UTF-8"?>
<testsuite name="lang.TestPrettyPrinting" tests="4" skipped="0" failures="0" errors="0" timestamp="2022-10-12T11:53:32" hostname="G-MacBook-Pro.local" time="0.016">
  <properties/>
  <testcase name="runTest[A2-32CodeSampleFormatted.in]" classname="lang.TestPrettyPrinting" time="0.006"/>
  <testcase name="runTest[MSN3.in]" classname="lang.TestPrettyPrinting" time="0.003"/>
  <testcase name="runTest[MSN2.in]" classname="lang.TestPrettyPrinting" time="0.003"/>
  <testcase name="runTest[basicMSN1.in]" classname="lang.TestPrettyPrinting" time="0.001"/>
  <system-out><![CDATA[]]></system-out>
  <system-err><![CDATA[]]></system-err>
</testsuite>
