<?xml version="1.0" encoding="UTF-8"?>
<testsuite name="lang.TestVisitor" tests="3" skipped="0" failures="0" errors="0" timestamp="2022-10-12T11:53:32" hostname="G-MacBook-Pro.local" time="0.074">
  <properties/>
  <testcase name="runTest[MSN1.in]" classname="lang.TestVisitor" time="0.063"/>
  <testcase name="runTest[MSN3.in]" classname="lang.TestVisitor" time="0.007"/>
  <testcase name="runTest[MSN2.in]" classname="lang.TestVisitor" time="0.003"/>
  <system-out><![CDATA[]]></system-out>
  <system-err><![CDATA[]]></system-err>
</testsuite>
