<?xml version="1.0" encoding="UTF-8"?>
<testsuite name="lang.TestDumpTree" tests="11" skipped="0" failures="0" errors="0" timestamp="2022-10-12T11:53:31" hostname="G-MacBook-Pro.local" time="0.387">
  <properties/>
  <testcase name="runTest[A2-32CodeSample.in]" classname="lang.TestDumpTree" time="0.165"/>
  <testcase name="runTest[pemdas.in]" classname="lang.TestDumpTree" time="0.025"/>
  <testcase name="runTest[whileLoop.in]" classname="lang.TestDumpTree" time="0.01"/>
  <testcase name="runTest[singleFunctionDeclarations.in]" classname="lang.TestDumpTree" time="0.004"/>
  <testcase name="runTest[comparisons.in]" classname="lang.TestDumpTree" time="0.022"/>
  <testcase name="runTest[A2-31NonTypeCorrect.in]" classname="lang.TestDumpTree" time="0.006"/>
  <testcase name="runTest[eqInVarInit.in]" classname="lang.TestDumpTree" time="0.003"/>
  <testcase name="runTest[variableDeclarations.in]" classname="lang.TestDumpTree" time="0.082"/>
  <testcase name="runTest[argsCommentsAndPrint.in]" classname="lang.TestDumpTree" time="0.02"/>
  <testcase name="runTest[returnWithMod.in]" classname="lang.TestDumpTree" time="0.02"/>
  <testcase name="runTest[print.in]" classname="lang.TestDumpTree" time="0.02"/>
  <system-out><![CDATA[]]></system-out>
  <system-err><![CDATA[]]></system-err>
</testsuite>
